{"D:\\UNIVALLE\\2023-I\\Desarrollo II\\Pruebas\\prueba-coverage\\src\\App.jsx": {"path":"D:\\UNIVALLE\\2023-I\\Desarrollo II\\Pruebas\\prueba-coverage\\src\\App.jsx","statementMap":{"0":{"start":{"line":7,"column":2},"end":{"line":11,"column":3}}},"fnMap":{"0":{"name":"App","decl":{"start":{"line":5,"column":9},"end":{"line":5,"column":12}},"loc":{"start":{"line":5,"column":15},"end":{"line":12,"column":1}},"line":5}},"branchMap":{},"s":{"0":0},"f":{"0":0},"b":{}}
,"D:\\UNIVALLE\\2023-I\\Desarrollo II\\Pruebas\\prueba-coverage\\src\\main.jsx": {"path":"D:\\UNIVALLE\\2023-I\\Desarrollo II\\Pruebas\\prueba-coverage\\src\\main.jsx","statementMap":{"0":{"start":{"line":6,"column":0},"end":{"line":10,"column":1}}},"fnMap":{},"branchMap":{},"s":{"0":0},"f":{},"b":{}}
,"D:\\UNIVALLE\\2023-I\\Desarrollo II\\Pruebas\\prueba-coverage\\src\\components\\Suma.jsx": {"path":"D:\\UNIVALLE\\2023-I\\Desarrollo II\\Pruebas\\prueba-coverage\\src\\components\\Suma.jsx","statementMap":{"0":{"start":{"line":4,"column":13},"end":{"line":22,"column":1}},"1":{"start":{"line":5,"column":26},"end":{"line":5,"column":37}},"2":{"start":{"line":6,"column":16},"end":{"line":6,"column":63}},"3":{"start":{"line":7,"column":2},"end":{"line":21,"column":4}},"4":{"start":{"line":14,"column":10},"end":{"line":14,"column":28}}},"fnMap":{"0":{"name":"(anonymous_0)","decl":{"start":{"line":4,"column":13},"end":{"line":4,"column":14}},"loc":{"start":{"line":4,"column":46},"end":{"line":22,"column":1}},"line":4},"1":{"name":"(anonymous_1)","decl":{"start":{"line":13,"column":17},"end":{"line":13,"column":18}},"loc":{"start":{"line":13,"column":23},"end":{"line":15,"column":9}},"line":13}},"branchMap":{"0":{"loc":{"start":{"line":6,"column":16},"end":{"line":6,"column":63}},"type":"cond-expr","locations":[{"start":{"line":6,"column":28},"end":{"line":6,"column":42}},{"start":{"line":6,"column":45},"end":{"line":6,"column":63}}],"line":6},"1":{"loc":{"start":{"line":10,"column":11},"end":{"line":10,"column":43}},"type":"cond-expr","locations":[{"start":{"line":10,"column":31},"end":{"line":10,"column":35}},{"start":{"line":10,"column":38},"end":{"line":10,"column":43}}],"line":10}},"s":{"0":1,"1":2,"2":2,"3":2,"4":0},"f":{"0":2,"1":0},"b":{"0":[2,0],"1":[2,0]},"_coverageSchema":"1a1c01bbd47fc00a2c39e90264f33305004495a9","hash":"f9c34ba95a52a1c6db303556a257d35103baab4a"}
}
